1682658889997|6|statement|connection 10|url jdbc:mysql://localhost:3307/mariage?serverTimezone=Asia/Seoul|alter table likes drop foreign key FKa4vkf1skcfu5r6o5gfb5jf295|alter table likes drop foreign key FKa4vkf1skcfu5r6o5gfb5jf295
1682658890006|6|statement|connection 10|url jdbc:mysql://localhost:3307/mariage?serverTimezone=Asia/Seoul|alter table likes drop foreign key FK65pxk1tcl3qtbvlcrjyitq865|alter table likes drop foreign key FK65pxk1tcl3qtbvlcrjyitq865
1682658890012|5|statement|connection 10|url jdbc:mysql://localhost:3307/mariage?serverTimezone=Asia/Seoul|alter table lower_category drop foreign key FKfr6x0b1qrgevbv7si8vaxknlw|alter table lower_category drop foreign key FKfr6x0b1qrgevbv7si8vaxknlw
1682658890016|2|statement|connection 10|url jdbc:mysql://localhost:3307/mariage?serverTimezone=Asia/Seoul|alter table member drop foreign key FK8aioimg9ehitsos4op5lk5qjy|alter table member drop foreign key FK8aioimg9ehitsos4op5lk5qjy
1682658890019|2|statement|connection 10|url jdbc:mysql://localhost:3307/mariage?serverTimezone=Asia/Seoul|alter table product drop foreign key FKs6hiicggtpkrxno0fm2fhcquk|alter table product drop foreign key FKs6hiicggtpkrxno0fm2fhcquk
1682658890022|2|statement|connection 10|url jdbc:mysql://localhost:3307/mariage?serverTimezone=Asia/Seoul|alter table product drop foreign key FKsouy49035ik9r5ojgslbv3i3u|alter table product drop foreign key FKsouy49035ik9r5ojgslbv3i3u
1682658890025|2|statement|connection 10|url jdbc:mysql://localhost:3307/mariage?serverTimezone=Asia/Seoul|alter table product drop foreign key FKie7m5x8y2etpvhxn05f6w143i|alter table product drop foreign key FKie7m5x8y2etpvhxn05f6w143i
1682658890027|2|statement|connection 10|url jdbc:mysql://localhost:3307/mariage?serverTimezone=Asia/Seoul|alter table product drop foreign key FKmbmor9tfikpt08bj4ir911yve|alter table product drop foreign key FKmbmor9tfikpt08bj4ir911yve
1682658890029|1|statement|connection 10|url jdbc:mysql://localhost:3307/mariage?serverTimezone=Asia/Seoul|alter table review drop foreign key FKcfex94jq12v73kadn7k8a5f46|alter table review drop foreign key FKcfex94jq12v73kadn7k8a5f46
1682658890032|2|statement|connection 10|url jdbc:mysql://localhost:3307/mariage?serverTimezone=Asia/Seoul|alter table review drop foreign key FKgbx8x3anjkblvscqudtab1vbf|alter table review drop foreign key FKgbx8x3anjkblvscqudtab1vbf
1682658890038|3|statement|connection 10|url jdbc:mysql://localhost:3307/mariage?serverTimezone=Asia/Seoul|alter table review drop foreign key FK2bu91x77t5ea5nb14e39mqcqs|alter table review drop foreign key FK2bu91x77t5ea5nb14e39mqcqs
1682658890043|4|statement|connection 10|url jdbc:mysql://localhost:3307/mariage?serverTimezone=Asia/Seoul|alter table review drop foreign key FKiyof1sindb9qiqr9o8npj8klt|alter table review drop foreign key FKiyof1sindb9qiqr9o8npj8klt
1682658890051|7|statement|connection 10|url jdbc:mysql://localhost:3307/mariage?serverTimezone=Asia/Seoul|alter table review drop foreign key FKj00ydm9y04n4ni1qaekp30b7u|alter table review drop foreign key FKj00ydm9y04n4ni1qaekp30b7u
1682658890060|8|statement|connection 10|url jdbc:mysql://localhost:3307/mariage?serverTimezone=Asia/Seoul|drop table if exists country|drop table if exists country
1682658890076|10|statement|connection 10|url jdbc:mysql://localhost:3307/mariage?serverTimezone=Asia/Seoul|drop table if exists food_category|drop table if exists food_category
1682658890082|3|statement|connection 10|url jdbc:mysql://localhost:3307/mariage?serverTimezone=Asia/Seoul|drop table if exists hashtag|drop table if exists hashtag
1682658890088|4|statement|connection 10|url jdbc:mysql://localhost:3307/mariage?serverTimezone=Asia/Seoul|drop table if exists image|drop table if exists image
1682658890092|3|statement|connection 10|url jdbc:mysql://localhost:3307/mariage?serverTimezone=Asia/Seoul|drop table if exists likes|drop table if exists likes
1682658890103|8|statement|connection 10|url jdbc:mysql://localhost:3307/mariage?serverTimezone=Asia/Seoul|drop table if exists lower_category|drop table if exists lower_category
1682658890108|4|statement|connection 10|url jdbc:mysql://localhost:3307/mariage?serverTimezone=Asia/Seoul|drop table if exists member|drop table if exists member
1682658890112|2|statement|connection 10|url jdbc:mysql://localhost:3307/mariage?serverTimezone=Asia/Seoul|drop table if exists product|drop table if exists product
1682658890117|3|statement|connection 10|url jdbc:mysql://localhost:3307/mariage?serverTimezone=Asia/Seoul|drop table if exists review|drop table if exists review
1682658890123|4|statement|connection 10|url jdbc:mysql://localhost:3307/mariage?serverTimezone=Asia/Seoul|drop table if exists upper_category|drop table if exists upper_category
1682658890132|5|statement|connection 10|url jdbc:mysql://localhost:3307/mariage?serverTimezone=Asia/Seoul|drop table if exists weather|drop table if exists weather
1682658921929|4|statement|connection 10|url jdbc:mysql://localhost:3307/mariage?serverTimezone=Asia/Seoul|alter table likes drop foreign key FKa4vkf1skcfu5r6o5gfb5jf295|alter table likes drop foreign key FKa4vkf1skcfu5r6o5gfb5jf295
1682658921936|4|statement|connection 10|url jdbc:mysql://localhost:3307/mariage?serverTimezone=Asia/Seoul|alter table likes drop foreign key FK65pxk1tcl3qtbvlcrjyitq865|alter table likes drop foreign key FK65pxk1tcl3qtbvlcrjyitq865
1682658921939|2|statement|connection 10|url jdbc:mysql://localhost:3307/mariage?serverTimezone=Asia/Seoul|alter table lower_category drop foreign key FKfr6x0b1qrgevbv7si8vaxknlw|alter table lower_category drop foreign key FKfr6x0b1qrgevbv7si8vaxknlw
1682658921942|1|statement|connection 10|url jdbc:mysql://localhost:3307/mariage?serverTimezone=Asia/Seoul|alter table member drop foreign key FK8aioimg9ehitsos4op5lk5qjy|alter table member drop foreign key FK8aioimg9ehitsos4op5lk5qjy
1682658921945|1|statement|connection 10|url jdbc:mysql://localhost:3307/mariage?serverTimezone=Asia/Seoul|alter table product drop foreign key FKs6hiicggtpkrxno0fm2fhcquk|alter table product drop foreign key FKs6hiicggtpkrxno0fm2fhcquk
1682658921947|1|statement|connection 10|url jdbc:mysql://localhost:3307/mariage?serverTimezone=Asia/Seoul|alter table product drop foreign key FKsouy49035ik9r5ojgslbv3i3u|alter table product drop foreign key FKsouy49035ik9r5ojgslbv3i3u
1682658921948|1|statement|connection 10|url jdbc:mysql://localhost:3307/mariage?serverTimezone=Asia/Seoul|alter table product drop foreign key FKie7m5x8y2etpvhxn05f6w143i|alter table product drop foreign key FKie7m5x8y2etpvhxn05f6w143i
1682658921951|2|statement|connection 10|url jdbc:mysql://localhost:3307/mariage?serverTimezone=Asia/Seoul|alter table product drop foreign key FKmbmor9tfikpt08bj4ir911yve|alter table product drop foreign key FKmbmor9tfikpt08bj4ir911yve
1682658921954|2|statement|connection 10|url jdbc:mysql://localhost:3307/mariage?serverTimezone=Asia/Seoul|alter table review drop foreign key FKcfex94jq12v73kadn7k8a5f46|alter table review drop foreign key FKcfex94jq12v73kadn7k8a5f46
1682658921958|2|statement|connection 10|url jdbc:mysql://localhost:3307/mariage?serverTimezone=Asia/Seoul|alter table review drop foreign key FKgbx8x3anjkblvscqudtab1vbf|alter table review drop foreign key FKgbx8x3anjkblvscqudtab1vbf
1682658921960|2|statement|connection 10|url jdbc:mysql://localhost:3307/mariage?serverTimezone=Asia/Seoul|alter table review drop foreign key FK2bu91x77t5ea5nb14e39mqcqs|alter table review drop foreign key FK2bu91x77t5ea5nb14e39mqcqs
1682658921962|1|statement|connection 10|url jdbc:mysql://localhost:3307/mariage?serverTimezone=Asia/Seoul|alter table review drop foreign key FKiyof1sindb9qiqr9o8npj8klt|alter table review drop foreign key FKiyof1sindb9qiqr9o8npj8klt
1682658921964|2|statement|connection 10|url jdbc:mysql://localhost:3307/mariage?serverTimezone=Asia/Seoul|alter table review drop foreign key FKj00ydm9y04n4ni1qaekp30b7u|alter table review drop foreign key FKj00ydm9y04n4ni1qaekp30b7u
1682658921968|3|statement|connection 10|url jdbc:mysql://localhost:3307/mariage?serverTimezone=Asia/Seoul|drop table if exists country|drop table if exists country
1682658921977|4|statement|connection 10|url jdbc:mysql://localhost:3307/mariage?serverTimezone=Asia/Seoul|drop table if exists food_category|drop table if exists food_category
1682658921982|2|statement|connection 10|url jdbc:mysql://localhost:3307/mariage?serverTimezone=Asia/Seoul|drop table if exists hashtag|drop table if exists hashtag
1682658921986|2|statement|connection 10|url jdbc:mysql://localhost:3307/mariage?serverTimezone=Asia/Seoul|drop table if exists image|drop table if exists image
1682658921990|2|statement|connection 10|url jdbc:mysql://localhost:3307/mariage?serverTimezone=Asia/Seoul|drop table if exists likes|drop table if exists likes
1682658921993|2|statement|connection 10|url jdbc:mysql://localhost:3307/mariage?serverTimezone=Asia/Seoul|drop table if exists lower_category|drop table if exists lower_category
1682658921998|3|statement|connection 10|url jdbc:mysql://localhost:3307/mariage?serverTimezone=Asia/Seoul|drop table if exists member|drop table if exists member
1682658922002|2|statement|connection 10|url jdbc:mysql://localhost:3307/mariage?serverTimezone=Asia/Seoul|drop table if exists product|drop table if exists product
1682658922005|2|statement|connection 10|url jdbc:mysql://localhost:3307/mariage?serverTimezone=Asia/Seoul|drop table if exists review|drop table if exists review
1682658922008|2|statement|connection 10|url jdbc:mysql://localhost:3307/mariage?serverTimezone=Asia/Seoul|drop table if exists upper_category|drop table if exists upper_category
1682658922019|8|statement|connection 10|url jdbc:mysql://localhost:3307/mariage?serverTimezone=Asia/Seoul|drop table if exists weather|drop table if exists weather
1682664458646|5|statement|connection 10|url jdbc:mysql://localhost:3307/mariage?serverTimezone=Asia/Seoul|alter table likes drop foreign key FKa4vkf1skcfu5r6o5gfb5jf295|alter table likes drop foreign key FKa4vkf1skcfu5r6o5gfb5jf295
1682664458652|3|statement|connection 10|url jdbc:mysql://localhost:3307/mariage?serverTimezone=Asia/Seoul|alter table likes drop foreign key FK65pxk1tcl3qtbvlcrjyitq865|alter table likes drop foreign key FK65pxk1tcl3qtbvlcrjyitq865
1682664458656|3|statement|connection 10|url jdbc:mysql://localhost:3307/mariage?serverTimezone=Asia/Seoul|alter table lower_category drop foreign key FKfr6x0b1qrgevbv7si8vaxknlw|alter table lower_category drop foreign key FKfr6x0b1qrgevbv7si8vaxknlw
1682664458659|2|statement|connection 10|url jdbc:mysql://localhost:3307/mariage?serverTimezone=Asia/Seoul|alter table member drop foreign key FK8aioimg9ehitsos4op5lk5qjy|alter table member drop foreign key FK8aioimg9ehitsos4op5lk5qjy
1682664458662|2|statement|connection 10|url jdbc:mysql://localhost:3307/mariage?serverTimezone=Asia/Seoul|alter table product drop foreign key FKs6hiicggtpkrxno0fm2fhcquk|alter table product drop foreign key FKs6hiicggtpkrxno0fm2fhcquk
1682664458664|1|statement|connection 10|url jdbc:mysql://localhost:3307/mariage?serverTimezone=Asia/Seoul|alter table product drop foreign key FKsouy49035ik9r5ojgslbv3i3u|alter table product drop foreign key FKsouy49035ik9r5ojgslbv3i3u
1682664458666|1|statement|connection 10|url jdbc:mysql://localhost:3307/mariage?serverTimezone=Asia/Seoul|alter table product drop foreign key FKie7m5x8y2etpvhxn05f6w143i|alter table product drop foreign key FKie7m5x8y2etpvhxn05f6w143i
1682664458667|1|statement|connection 10|url jdbc:mysql://localhost:3307/mariage?serverTimezone=Asia/Seoul|alter table product drop foreign key FKmbmor9tfikpt08bj4ir911yve|alter table product drop foreign key FKmbmor9tfikpt08bj4ir911yve
1682664458669|1|statement|connection 10|url jdbc:mysql://localhost:3307/mariage?serverTimezone=Asia/Seoul|alter table review drop foreign key FKcfex94jq12v73kadn7k8a5f46|alter table review drop foreign key FKcfex94jq12v73kadn7k8a5f46
1682664458671|1|statement|connection 10|url jdbc:mysql://localhost:3307/mariage?serverTimezone=Asia/Seoul|alter table review drop foreign key FKgbx8x3anjkblvscqudtab1vbf|alter table review drop foreign key FKgbx8x3anjkblvscqudtab1vbf
1682664458675|3|statement|connection 10|url jdbc:mysql://localhost:3307/mariage?serverTimezone=Asia/Seoul|alter table review drop foreign key FK2bu91x77t5ea5nb14e39mqcqs|alter table review drop foreign key FK2bu91x77t5ea5nb14e39mqcqs
1682664458678|3|statement|connection 10|url jdbc:mysql://localhost:3307/mariage?serverTimezone=Asia/Seoul|alter table review drop foreign key FKiyof1sindb9qiqr9o8npj8klt|alter table review drop foreign key FKiyof1sindb9qiqr9o8npj8klt
1682664458681|2|statement|connection 10|url jdbc:mysql://localhost:3307/mariage?serverTimezone=Asia/Seoul|alter table review drop foreign key FKj00ydm9y04n4ni1qaekp30b7u|alter table review drop foreign key FKj00ydm9y04n4ni1qaekp30b7u
1682664458685|3|statement|connection 10|url jdbc:mysql://localhost:3307/mariage?serverTimezone=Asia/Seoul|drop table if exists country|drop table if exists country
1682664458690|2|statement|connection 10|url jdbc:mysql://localhost:3307/mariage?serverTimezone=Asia/Seoul|drop table if exists food_category|drop table if exists food_category
1682664458695|3|statement|connection 10|url jdbc:mysql://localhost:3307/mariage?serverTimezone=Asia/Seoul|drop table if exists hashtag|drop table if exists hashtag
1682664458699|3|statement|connection 10|url jdbc:mysql://localhost:3307/mariage?serverTimezone=Asia/Seoul|drop table if exists image|drop table if exists image
1682664458702|1|statement|connection 10|url jdbc:mysql://localhost:3307/mariage?serverTimezone=Asia/Seoul|drop table if exists likes|drop table if exists likes
1682664458705|2|statement|connection 10|url jdbc:mysql://localhost:3307/mariage?serverTimezone=Asia/Seoul|drop table if exists lower_category|drop table if exists lower_category
1682664458708|2|statement|connection 10|url jdbc:mysql://localhost:3307/mariage?serverTimezone=Asia/Seoul|drop table if exists member|drop table if exists member
1682664458712|2|statement|connection 10|url jdbc:mysql://localhost:3307/mariage?serverTimezone=Asia/Seoul|drop table if exists product|drop table if exists product
1682664458716|2|statement|connection 10|url jdbc:mysql://localhost:3307/mariage?serverTimezone=Asia/Seoul|drop table if exists review|drop table if exists review
1682664458722|4|statement|connection 10|url jdbc:mysql://localhost:3307/mariage?serverTimezone=Asia/Seoul|drop table if exists upper_category|drop table if exists upper_category
1682664458733|5|statement|connection 10|url jdbc:mysql://localhost:3307/mariage?serverTimezone=Asia/Seoul|drop table if exists weather|drop table if exists weather
1682668532170|5|statement|connection 17|url jdbc:h2:mem:4951b733-932e-4a23-9e34-bb0cceba17bb|drop table if exists country cascade |drop table if exists country cascade 
1682668532174|2|statement|connection 17|url jdbc:h2:mem:4951b733-932e-4a23-9e34-bb0cceba17bb|drop table if exists food_category cascade |drop table if exists food_category cascade 
1682668532175|0|statement|connection 17|url jdbc:h2:mem:4951b733-932e-4a23-9e34-bb0cceba17bb|drop table if exists hashtag cascade |drop table if exists hashtag cascade 
1682668532178|3|statement|connection 17|url jdbc:h2:mem:4951b733-932e-4a23-9e34-bb0cceba17bb|drop table if exists image cascade |drop table if exists image cascade 
1682668532180|1|statement|connection 17|url jdbc:h2:mem:4951b733-932e-4a23-9e34-bb0cceba17bb|drop table if exists likes cascade |drop table if exists likes cascade 
1682668532183|2|statement|connection 17|url jdbc:h2:mem:4951b733-932e-4a23-9e34-bb0cceba17bb|drop table if exists lower_category cascade |drop table if exists lower_category cascade 
1682668532184|1|statement|connection 17|url jdbc:h2:mem:4951b733-932e-4a23-9e34-bb0cceba17bb|drop table if exists member cascade |drop table if exists member cascade 
1682668532185|0|statement|connection 17|url jdbc:h2:mem:4951b733-932e-4a23-9e34-bb0cceba17bb|drop table if exists product cascade |drop table if exists product cascade 
1682668532187|2|statement|connection 17|url jdbc:h2:mem:4951b733-932e-4a23-9e34-bb0cceba17bb|drop table if exists review cascade |drop table if exists review cascade 
1682668532191|3|statement|connection 17|url jdbc:h2:mem:4951b733-932e-4a23-9e34-bb0cceba17bb|drop table if exists upper_category cascade |drop table if exists upper_category cascade 
1682668532192|0|statement|connection 17|url jdbc:h2:mem:4951b733-932e-4a23-9e34-bb0cceba17bb|drop table if exists weather cascade |drop table if exists weather cascade 
1682668532315|3|statement|connection 18|url jdbc:mysql://localhost:3307/mariage?serverTimezone=Asia/Seoul|alter table likes drop foreign key FKa4vkf1skcfu5r6o5gfb5jf295|alter table likes drop foreign key FKa4vkf1skcfu5r6o5gfb5jf295
1682668532318|2|statement|connection 18|url jdbc:mysql://localhost:3307/mariage?serverTimezone=Asia/Seoul|alter table likes drop foreign key FK65pxk1tcl3qtbvlcrjyitq865|alter table likes drop foreign key FK65pxk1tcl3qtbvlcrjyitq865
1682668532324|5|statement|connection 18|url jdbc:mysql://localhost:3307/mariage?serverTimezone=Asia/Seoul|alter table lower_category drop foreign key FKfr6x0b1qrgevbv7si8vaxknlw|alter table lower_category drop foreign key FKfr6x0b1qrgevbv7si8vaxknlw
1682668532327|1|statement|connection 18|url jdbc:mysql://localhost:3307/mariage?serverTimezone=Asia/Seoul|alter table member drop foreign key FK8aioimg9ehitsos4op5lk5qjy|alter table member drop foreign key FK8aioimg9ehitsos4op5lk5qjy
1682668532329|1|statement|connection 18|url jdbc:mysql://localhost:3307/mariage?serverTimezone=Asia/Seoul|alter table product drop foreign key FKs6hiicggtpkrxno0fm2fhcquk|alter table product drop foreign key FKs6hiicggtpkrxno0fm2fhcquk
1682668532330|1|statement|connection 18|url jdbc:mysql://localhost:3307/mariage?serverTimezone=Asia/Seoul|alter table product drop foreign key FKsouy49035ik9r5ojgslbv3i3u|alter table product drop foreign key FKsouy49035ik9r5ojgslbv3i3u
1682668532331|1|statement|connection 18|url jdbc:mysql://localhost:3307/mariage?serverTimezone=Asia/Seoul|alter table product drop foreign key FKie7m5x8y2etpvhxn05f6w143i|alter table product drop foreign key FKie7m5x8y2etpvhxn05f6w143i
1682668532333|1|statement|connection 18|url jdbc:mysql://localhost:3307/mariage?serverTimezone=Asia/Seoul|alter table product drop foreign key FKmbmor9tfikpt08bj4ir911yve|alter table product drop foreign key FKmbmor9tfikpt08bj4ir911yve
1682668532335|1|statement|connection 18|url jdbc:mysql://localhost:3307/mariage?serverTimezone=Asia/Seoul|alter table review drop foreign key FKcfex94jq12v73kadn7k8a5f46|alter table review drop foreign key FKcfex94jq12v73kadn7k8a5f46
1682668532339|2|statement|connection 18|url jdbc:mysql://localhost:3307/mariage?serverTimezone=Asia/Seoul|alter table review drop foreign key FKgbx8x3anjkblvscqudtab1vbf|alter table review drop foreign key FKgbx8x3anjkblvscqudtab1vbf
1682668532341|1|statement|connection 18|url jdbc:mysql://localhost:3307/mariage?serverTimezone=Asia/Seoul|alter table review drop foreign key FK2bu91x77t5ea5nb14e39mqcqs|alter table review drop foreign key FK2bu91x77t5ea5nb14e39mqcqs
1682668532344|2|statement|connection 18|url jdbc:mysql://localhost:3307/mariage?serverTimezone=Asia/Seoul|alter table review drop foreign key FKiyof1sindb9qiqr9o8npj8klt|alter table review drop foreign key FKiyof1sindb9qiqr9o8npj8klt
1682668532346|1|statement|connection 18|url jdbc:mysql://localhost:3307/mariage?serverTimezone=Asia/Seoul|alter table review drop foreign key FKj00ydm9y04n4ni1qaekp30b7u|alter table review drop foreign key FKj00ydm9y04n4ni1qaekp30b7u
1682668532349|3|statement|connection 18|url jdbc:mysql://localhost:3307/mariage?serverTimezone=Asia/Seoul|drop table if exists country|drop table if exists country
1682668532354|3|statement|connection 18|url jdbc:mysql://localhost:3307/mariage?serverTimezone=Asia/Seoul|drop table if exists food_category|drop table if exists food_category
1682668532357|2|statement|connection 18|url jdbc:mysql://localhost:3307/mariage?serverTimezone=Asia/Seoul|drop table if exists hashtag|drop table if exists hashtag
1682668532360|1|statement|connection 18|url jdbc:mysql://localhost:3307/mariage?serverTimezone=Asia/Seoul|drop table if exists image|drop table if exists image
1682668532363|2|statement|connection 18|url jdbc:mysql://localhost:3307/mariage?serverTimezone=Asia/Seoul|drop table if exists likes|drop table if exists likes
1682668532367|3|statement|connection 18|url jdbc:mysql://localhost:3307/mariage?serverTimezone=Asia/Seoul|drop table if exists lower_category|drop table if exists lower_category
1682668532372|3|statement|connection 18|url jdbc:mysql://localhost:3307/mariage?serverTimezone=Asia/Seoul|drop table if exists member|drop table if exists member
1682668532375|2|statement|connection 18|url jdbc:mysql://localhost:3307/mariage?serverTimezone=Asia/Seoul|drop table if exists product|drop table if exists product
1682668532378|2|statement|connection 18|url jdbc:mysql://localhost:3307/mariage?serverTimezone=Asia/Seoul|drop table if exists review|drop table if exists review
1682668532381|1|statement|connection 18|url jdbc:mysql://localhost:3307/mariage?serverTimezone=Asia/Seoul|drop table if exists upper_category|drop table if exists upper_category
1682668532384|2|statement|connection 18|url jdbc:mysql://localhost:3307/mariage?serverTimezone=Asia/Seoul|drop table if exists weather|drop table if exists weather
1682669978931|2|statement|connection 17|url jdbc:h2:mem:c20f00b1-4f99-4a68-a781-0c36d205c422|drop table if exists country cascade |drop table if exists country cascade 
1682669978935|2|statement|connection 17|url jdbc:h2:mem:c20f00b1-4f99-4a68-a781-0c36d205c422|drop table if exists food_category cascade |drop table if exists food_category cascade 
1682669978935|0|statement|connection 17|url jdbc:h2:mem:c20f00b1-4f99-4a68-a781-0c36d205c422|drop table if exists hashtag cascade |drop table if exists hashtag cascade 
1682669978938|3|statement|connection 17|url jdbc:h2:mem:c20f00b1-4f99-4a68-a781-0c36d205c422|drop table if exists image cascade |drop table if exists image cascade 
1682669978942|3|statement|connection 17|url jdbc:h2:mem:c20f00b1-4f99-4a68-a781-0c36d205c422|drop table if exists likes cascade |drop table if exists likes cascade 
1682669978944|1|statement|connection 17|url jdbc:h2:mem:c20f00b1-4f99-4a68-a781-0c36d205c422|drop table if exists lower_category cascade |drop table if exists lower_category cascade 
1682669978946|0|statement|connection 17|url jdbc:h2:mem:c20f00b1-4f99-4a68-a781-0c36d205c422|drop table if exists member cascade |drop table if exists member cascade 
1682669978948|1|statement|connection 17|url jdbc:h2:mem:c20f00b1-4f99-4a68-a781-0c36d205c422|drop table if exists product cascade |drop table if exists product cascade 
1682669978950|2|statement|connection 17|url jdbc:h2:mem:c20f00b1-4f99-4a68-a781-0c36d205c422|drop table if exists review cascade |drop table if exists review cascade 
1682669978952|1|statement|connection 17|url jdbc:h2:mem:c20f00b1-4f99-4a68-a781-0c36d205c422|drop table if exists upper_category cascade |drop table if exists upper_category cascade 
1682669978953|0|statement|connection 17|url jdbc:h2:mem:c20f00b1-4f99-4a68-a781-0c36d205c422|drop table if exists weather cascade |drop table if exists weather cascade 
1682669979087|5|statement|connection 18|url jdbc:mysql://localhost:3307/mariage?serverTimezone=Asia/Seoul|alter table likes drop foreign key FKa4vkf1skcfu5r6o5gfb5jf295|alter table likes drop foreign key FKa4vkf1skcfu5r6o5gfb5jf295
1682669979091|3|statement|connection 18|url jdbc:mysql://localhost:3307/mariage?serverTimezone=Asia/Seoul|alter table likes drop foreign key FK65pxk1tcl3qtbvlcrjyitq865|alter table likes drop foreign key FK65pxk1tcl3qtbvlcrjyitq865
1682669979096|4|statement|connection 18|url jdbc:mysql://localhost:3307/mariage?serverTimezone=Asia/Seoul|alter table lower_category drop foreign key FKfr6x0b1qrgevbv7si8vaxknlw|alter table lower_category drop foreign key FKfr6x0b1qrgevbv7si8vaxknlw
1682669979100|3|statement|connection 18|url jdbc:mysql://localhost:3307/mariage?serverTimezone=Asia/Seoul|alter table member drop foreign key FK8aioimg9ehitsos4op5lk5qjy|alter table member drop foreign key FK8aioimg9ehitsos4op5lk5qjy
1682669979104|2|statement|connection 18|url jdbc:mysql://localhost:3307/mariage?serverTimezone=Asia/Seoul|alter table product drop foreign key FKs6hiicggtpkrxno0fm2fhcquk|alter table product drop foreign key FKs6hiicggtpkrxno0fm2fhcquk
1682669979106|1|statement|connection 18|url jdbc:mysql://localhost:3307/mariage?serverTimezone=Asia/Seoul|alter table product drop foreign key FKsouy49035ik9r5ojgslbv3i3u|alter table product drop foreign key FKsouy49035ik9r5ojgslbv3i3u
1682669979108|1|statement|connection 18|url jdbc:mysql://localhost:3307/mariage?serverTimezone=Asia/Seoul|alter table product drop foreign key FKie7m5x8y2etpvhxn05f6w143i|alter table product drop foreign key FKie7m5x8y2etpvhxn05f6w143i
1682669979110|1|statement|connection 18|url jdbc:mysql://localhost:3307/mariage?serverTimezone=Asia/Seoul|alter table product drop foreign key FKmbmor9tfikpt08bj4ir911yve|alter table product drop foreign key FKmbmor9tfikpt08bj4ir911yve
1682669979112|1|statement|connection 18|url jdbc:mysql://localhost:3307/mariage?serverTimezone=Asia/Seoul|alter table review drop foreign key FKcfex94jq12v73kadn7k8a5f46|alter table review drop foreign key FKcfex94jq12v73kadn7k8a5f46
1682669979115|2|statement|connection 18|url jdbc:mysql://localhost:3307/mariage?serverTimezone=Asia/Seoul|alter table review drop foreign key FKgbx8x3anjkblvscqudtab1vbf|alter table review drop foreign key FKgbx8x3anjkblvscqudtab1vbf
1682669979118|2|statement|connection 18|url jdbc:mysql://localhost:3307/mariage?serverTimezone=Asia/Seoul|alter table review drop foreign key FK2bu91x77t5ea5nb14e39mqcqs|alter table review drop foreign key FK2bu91x77t5ea5nb14e39mqcqs
1682669979121|1|statement|connection 18|url jdbc:mysql://localhost:3307/mariage?serverTimezone=Asia/Seoul|alter table review drop foreign key FKiyof1sindb9qiqr9o8npj8klt|alter table review drop foreign key FKiyof1sindb9qiqr9o8npj8klt
1682669979122|1|statement|connection 18|url jdbc:mysql://localhost:3307/mariage?serverTimezone=Asia/Seoul|alter table review drop foreign key FKj00ydm9y04n4ni1qaekp30b7u|alter table review drop foreign key FKj00ydm9y04n4ni1qaekp30b7u
1682669979125|2|statement|connection 18|url jdbc:mysql://localhost:3307/mariage?serverTimezone=Asia/Seoul|drop table if exists country|drop table if exists country
1682669979129|2|statement|connection 18|url jdbc:mysql://localhost:3307/mariage?serverTimezone=Asia/Seoul|drop table if exists food_category|drop table if exists food_category
1682669979133|1|statement|connection 18|url jdbc:mysql://localhost:3307/mariage?serverTimezone=Asia/Seoul|drop table if exists hashtag|drop table if exists hashtag
1682669979135|1|statement|connection 18|url jdbc:mysql://localhost:3307/mariage?serverTimezone=Asia/Seoul|drop table if exists image|drop table if exists image
1682669979137|1|statement|connection 18|url jdbc:mysql://localhost:3307/mariage?serverTimezone=Asia/Seoul|drop table if exists likes|drop table if exists likes
1682669979139|1|statement|connection 18|url jdbc:mysql://localhost:3307/mariage?serverTimezone=Asia/Seoul|drop table if exists lower_category|drop table if exists lower_category
1682669979145|2|statement|connection 18|url jdbc:mysql://localhost:3307/mariage?serverTimezone=Asia/Seoul|drop table if exists member|drop table if exists member
1682669979148|1|statement|connection 18|url jdbc:mysql://localhost:3307/mariage?serverTimezone=Asia/Seoul|drop table if exists product|drop table if exists product
1682669979150|1|statement|connection 18|url jdbc:mysql://localhost:3307/mariage?serverTimezone=Asia/Seoul|drop table if exists review|drop table if exists review
1682669979154|2|statement|connection 18|url jdbc:mysql://localhost:3307/mariage?serverTimezone=Asia/Seoul|drop table if exists upper_category|drop table if exists upper_category
1682669979159|2|statement|connection 18|url jdbc:mysql://localhost:3307/mariage?serverTimezone=Asia/Seoul|drop table if exists weather|drop table if exists weather
